<?xml version="1.0" encoding="UTF-8"?>
<!-- Generated by org.testng.reporters.JUnitReportReporter -->
<testsuite skipped="0" hostname="Admin-PC" name="com.ParallelTesting.ParallelTest1" tests="6" failures="0" timestamp="13 Mar 2018 04:19:09 GMT" time="0.096" errors="0">
  <testcase name="tc_4" time="0.033" classname="com.ParallelTesting.ParallelTest1"/>
  <testcase name="tc_6" time="0.002" classname="com.ParallelTesting.ParallelTest1"/>
  <testcase name="tc_6" time="0.006" classname="com.ParallelTesting.ParallelTest1"/>
  <testcase name="tc_5" time="0.003" classname="com.ParallelTesting.ParallelTest1"/>
  <testcase name="tc_5" time="0.018" classname="com.ParallelTesting.ParallelTest1"/>
  <testcase name="tc_4" time="0.034" classname="com.ParallelTesting.ParallelTest1"/>
</testsuite> <!-- com.ParallelTesting.ParallelTest1 -->
