<?xml version="1.0" encoding="UTF-8"?>
<!-- Generated by org.testng.reporters.JUnitReportReporter -->
<testsuite skipped="0" hostname="Admin-PC" name="com.ParallelTesting.ParallelTest" tests="2" failures="0" timestamp="14 Mar 2018 14:33:41 GMT" time="187.208" errors="0">
  <testcase name="initializeBrowser" time="87.322" classname="com.ParallelTesting.ParallelTest"/>
  <testcase name="initializeBrowser" time="99.886" classname="com.ParallelTesting.ParallelTest"/>
</testsuite> <!-- com.ParallelTesting.ParallelTest -->
